15:31:55.095 - INFO - MAIN - version=1.0.3
15:31:55.095 - INFO - MAIN - developer: Oliver Schwengers, https://github.com/oschwengers
15:31:55.095 - INFO - MAIN - command: /Users/casperjamin/miniconda3/envs/bakta/bin/bakta --db /Users/casperjamin/Desktop/NOSYNC_NOTIMEMACHINE.nosync/bakta/db/ --threads 12 -o ../bakta_annotations/EC12.fasta EC12.fasta
15:31:55.095 - INFO - MAIN - local time: 2021-08-09 15:31:55
15:31:55.101 - INFO - MAIN - machine: type=i386, cores=12
15:31:55.102 - INFO - MAIN - system: type=Darwin, release=20.5.0
15:31:55.102 - INFO - MAIN - python: version=3.9.5, implementation=CPython
15:31:55.102 - INFO - CONFIG - threads=12
15:31:55.102 - INFO - CONFIG - verbose=False
15:31:55.103 - INFO - CONFIG - database: type=parameter, path=/Users/casperjamin/Desktop/NOSYNC_NOTIMEMACHINE.nosync/bakta/db
15:31:55.104 - INFO - CONFIG - tmp-path=/var/folders/9s/15s2g7v52755bjhtjvszthf40000gn/T/tmp8knnffnb
15:31:55.104 - INFO - CONFIG - genome-path=/Users/casperjamin/github.nosync/transposon_madness/sequences/EC12.fasta
15:31:55.104 - INFO - CONFIG - min_contig_length=1
15:31:55.104 - INFO - CONFIG - prefix=EC12
15:31:55.104 - INFO - CONFIG - output-path=/Users/casperjamin/github.nosync/transposon_madness/bakta_annotations/EC12.fasta
15:31:55.104 - INFO - CONFIG - genus=None
15:31:55.104 - INFO - CONFIG - species=None
15:31:55.104 - INFO - CONFIG - strain=None
15:31:55.104 - INFO - CONFIG - plasmid=None
15:31:55.104 - INFO - CONFIG - complete=False
15:31:55.104 - INFO - CONFIG - prodigal_tf=None
15:31:55.105 - INFO - CONFIG - translation_table=11
15:31:55.105 - INFO - CONFIG - gram=?
15:31:55.105 - INFO - CONFIG - locus=None
15:31:55.105 - INFO - CONFIG - locus-tag=None
15:31:55.105 - INFO - CONFIG - keep_contig_headers=False
15:31:55.105 - INFO - CONFIG - replicon-table=None
15:31:55.105 - INFO - CONFIG - skip-tRNA=False
15:31:55.105 - INFO - CONFIG - skip-tmRNA=False
15:31:55.105 - INFO - CONFIG - skip-rRNA=False
15:31:55.105 - INFO - CONFIG - skip-ncRNA=False
15:31:55.105 - INFO - CONFIG - skip-ncRNA-region=False
15:31:55.105 - INFO - CONFIG - skip-CRISPR=False
15:31:55.105 - INFO - CONFIG - skip-CDS=False
15:31:55.105 - INFO - CONFIG - skip-sORF=False
15:31:55.105 - INFO - CONFIG - skip-gap=False
15:31:55.105 - INFO - CONFIG - skip-ori=False
15:31:55.106 - INFO - DB - detected: major=2, minor=0, date=2021-04-05
15:31:55.237 - INFO - UTILS - dependency: tool=tRNAscan-SE, version=v2.0.7
15:31:55.245 - INFO - UTILS - dependency: tool=aragorn, version=v1.2.38
15:31:55.258 - INFO - UTILS - dependency: tool=cmscan, version=v1.1.4
15:31:55.268 - INFO - UTILS - dependency: tool=pilercr, version=v1.6.0
15:31:55.326 - INFO - UTILS - dependency: tool=prodigal, version=v2.6.3
15:31:55.333 - INFO - UTILS - dependency: tool=amrfinder, version=v3.10.5
15:31:55.351 - INFO - UTILS - dependency: tool=hmmsearch, version=v3.3.2
15:31:55.359 - INFO - UTILS - dependency: tool=diamond, version=v2.0.9
15:31:56.104 - INFO - UTILS - dependency: tool=blastn, version=v2.11.0
15:31:56.129 - INFO - FASTA - imported: id=EC12, length=48792, complete=False, topology=linear, description=EC12
15:31:56.129 - INFO - MAIN - imported sequences=1
15:31:56.129 - INFO - UTILS - qc: revised sequence: id=contig_1, orig-id=EC12, type=contig, complete=False, topology=linear, name=, description='', orig-description='EC12'
15:31:56.129 - INFO - FASTA - write genome sequences: path=/var/folders/9s/15s2g7v52755bjhtjvszthf40000gn/T/tmp8knnffnb/contigs.fna, description=False, wrap=False
15:31:56.454 - INFO - T_RNA - predicted=0
15:31:56.482 - INFO - TM_RNA - predicted=0
15:31:56.552 - INFO - R_RNA - predicted=0
15:31:57.727 - INFO - NC_RNA - predicted=0
15:31:57.989 - INFO - NC_RNA_REGION - contig=contig_1, start=44421, stop=44499, strand=+, label=AAC_AAD_leader, product=putative aminoglycoside riboswitch / attI site, length=79, truncated=None, score=73.7, evalue=3.3e-12
15:31:57.990 - INFO - NC_RNA_REGION - contig=contig_1, start=12176, stop=12248, strand=-, label=AAC_AAD_leader, product=putative aminoglycoside riboswitch / attI site, length=73, truncated=None, score=64.4, evalue=2.8e-10
15:31:57.990 - INFO - NC_RNA_REGION - predicted=2
15:31:58.011 - INFO - CRISPR - predicted=0
15:31:58.012 - INFO - CDS - create prodigal training file: file=/var/folders/9s/15s2g7v52755bjhtjvszthf40000gn/T/tmp8knnffnb/prodigal.tf
15:31:58.122 - INFO - FASTA - write genome sequences: path=/var/folders/9s/15s2g7v52755bjhtjvszthf40000gn/T/tmp8knnffnb/contigs.fasta, description=False, wrap=False
15:31:58.123 - INFO - CDS - run prodigal: type=contigs, # sequences=1
15:31:58.233 - INFO - CDS - contig=contig_1, start=732, stop=995, strand=-, frame=2, truncated=no, start-type=TTG, RBS-motif=None
15:31:58.233 - INFO - CDS - contig=contig_1, start=1001, stop=1717, strand=-, frame=3, truncated=no, start-type=ATG, RBS-motif=None
15:31:58.233 - INFO - CDS - contig=contig_1, start=1819, stop=2322, strand=-, frame=1, truncated=no, start-type=GTG, RBS-motif=None
15:31:58.233 - INFO - CDS - contig=contig_1, start=2527, stop=3195, strand=-, frame=1, truncated=no, start-type=ATG, RBS-motif=GGxGG
15:31:58.233 - INFO - CDS - contig=contig_1, start=3296, stop=4495, strand=+, frame=2, truncated=no, start-type=GTG, RBS-motif=GGAGG
15:31:58.233 - INFO - CDS - contig=contig_1, start=4520, stop=4639, strand=+, frame=2, truncated=no, start-type=ATG, RBS-motif=None
15:31:58.233 - INFO - CDS - contig=contig_1, start=5004, stop=5246, strand=-, frame=2, truncated=no, start-type=ATG, RBS-motif=None
15:31:58.233 - INFO - CDS - contig=contig_1, start=5538, stop=6254, strand=+, frame=3, truncated=no, start-type=ATG, RBS-motif=None
15:31:58.233 - INFO - CDS - contig=contig_1, start=6358, stop=6780, strand=+, frame=1, truncated=no, start-type=TTG, RBS-motif=None
15:31:58.234 - INFO - CDS - contig=contig_1, start=7610, stop=7891, strand=-, frame=3, truncated=no, start-type=ATG, RBS-motif=None
15:31:58.234 - INFO - CDS - contig=contig_1, start=8123, stop=8806, strand=+, frame=2, truncated=no, start-type=ATG, RBS-motif=None
15:31:58.234 - INFO - CDS - contig=contig_1, start=8840, stop=10054, strand=-, frame=3, truncated=no, start-type=ATG, RBS-motif=None
15:31:58.234 - INFO - CDS - contig=contig_1, start=10315, stop=11109, strand=-, frame=1, truncated=no, start-type=ATG, RBS-motif=None
15:31:58.234 - INFO - CDS - contig=contig_1, start=11222, stop=11488, strand=-, frame=3, truncated=no, start-type=ATG, RBS-motif=None
15:31:58.234 - INFO - CDS - contig=contig_1, start=11709, stop=12182, strand=-, frame=2, truncated=no, start-type=TTG, RBS-motif=AGGA
15:31:58.234 - INFO - CDS - contig=contig_1, start=12338, stop=13351, strand=+, frame=2, truncated=no, start-type=ATG, RBS-motif=None
15:31:58.234 - INFO - CDS - contig=contig_1, start=13885, stop=14601, strand=+, frame=1, truncated=no, start-type=ATG, RBS-motif=None
15:31:58.234 - INFO - CDS - contig=contig_1, start=14731, stop=15309, strand=+, frame=1, truncated=no, start-type=TTG, RBS-motif=None
15:31:58.234 - INFO - CDS - contig=contig_1, start=15401, stop=16045, strand=-, frame=3, truncated=no, start-type=ATG, RBS-motif=None
15:31:58.234 - INFO - CDS - contig=contig_1, start=16617, stop=19634, strand=-, frame=2, truncated=no, start-type=ATG, RBS-motif=None
15:31:58.234 - INFO - CDS - contig=contig_1, start=20262, stop=20501, strand=+, frame=3, truncated=no, start-type=ATG, RBS-motif=GGAG/GAGG
15:31:58.234 - INFO - CDS - contig=contig_1, start=20501, stop=21217, strand=+, frame=2, truncated=no, start-type=ATG, RBS-motif=None
15:31:58.234 - INFO - CDS - contig=contig_1, start=21223, stop=21915, strand=+, frame=1, truncated=no, start-type=TTG, RBS-motif=None
15:31:58.234 - INFO - CDS - contig=contig_1, start=22244, stop=22876, strand=+, frame=2, truncated=no, start-type=ATG, RBS-motif=None
15:31:58.234 - INFO - CDS - contig=contig_1, start=23014, stop=23562, strand=+, frame=1, truncated=no, start-type=ATG, RBS-motif=None
15:31:58.234 - INFO - CDS - contig=contig_1, start=23508, stop=24224, strand=-, frame=2, truncated=no, start-type=ATG, RBS-motif=None
15:31:58.234 - INFO - CDS - contig=contig_1, start=24319, stop=25179, strand=+, frame=1, truncated=no, start-type=ATG, RBS-motif=GGAG/GAGG
15:31:58.234 - INFO - CDS - contig=contig_1, start=25192, stop=25734, strand=+, frame=1, truncated=no, start-type=ATG, RBS-motif=GGAG/GAGG
15:31:58.234 - INFO - CDS - contig=contig_1, start=25805, stop=26137, strand=+, frame=2, truncated=no, start-type=ATG, RBS-motif=None
15:31:58.234 - INFO - CDS - contig=contig_1, start=26134, stop=26982, strand=+, frame=1, truncated=no, start-type=ATG, RBS-motif=GGxGG
15:31:58.234 - INFO - CDS - contig=contig_1, start=26928, stop=27650, strand=-, frame=2, truncated=no, start-type=TTG, RBS-motif=None
15:31:58.234 - INFO - CDS - contig=contig_1, start=27679, stop=29337, strand=-, frame=1, truncated=no, start-type=ATG, RBS-motif=None
15:31:58.234 - INFO - CDS - contig=contig_1, start=29489, stop=29812, strand=+, frame=2, truncated=no, start-type=ATG, RBS-motif=None
15:31:58.234 - INFO - CDS - contig=contig_1, start=29999, stop=30298, strand=-, frame=3, truncated=no, start-type=TTG, RBS-motif=None
15:31:58.235 - INFO - CDS - contig=contig_1, start=30333, stop=31208, strand=-, frame=2, truncated=no, start-type=ATG, RBS-motif=AGGA
15:31:58.235 - INFO - CDS - contig=contig_1, start=31464, stop=31703, strand=-, frame=2, truncated=no, start-type=TTG, RBS-motif=GGxGG
15:31:58.235 - INFO - CDS - contig=contig_1, start=31863, stop=32579, strand=+, frame=3, truncated=no, start-type=ATG, RBS-motif=None
15:31:58.235 - INFO - CDS - contig=contig_1, start=32619, stop=34397, strand=+, frame=3, truncated=no, start-type=TTG, RBS-motif=None
15:31:58.235 - INFO - CDS - contig=contig_1, start=34791, stop=35480, strand=+, frame=3, truncated=no, start-type=ATG, RBS-motif=None
15:31:58.235 - INFO - CDS - contig=contig_1, start=35662, stop=35838, strand=-, frame=1, truncated=no, start-type=ATG, RBS-motif=AGGA
15:31:58.235 - INFO - CDS - contig=contig_1, start=36135, stop=36518, strand=-, frame=2, truncated=no, start-type=TTG, RBS-motif=None
15:31:58.235 - INFO - CDS - contig=contig_1, start=36528, stop=36989, strand=-, frame=2, truncated=no, start-type=GTG, RBS-motif=None
15:31:58.235 - INFO - CDS - contig=contig_1, start=37044, stop=37847, strand=+, frame=3, truncated=no, start-type=TTG, RBS-motif=AGGA
15:31:58.235 - INFO - CDS - contig=contig_1, start=37847, stop=38683, strand=+, frame=2, truncated=no, start-type=ATG, RBS-motif=None
15:31:58.235 - INFO - CDS - contig=contig_1, start=38655, stop=39194, strand=-, frame=2, truncated=no, start-type=ATG, RBS-motif=AGGA
15:31:58.235 - INFO - CDS - contig=contig_1, start=39404, stop=40264, strand=-, frame=3, truncated=no, start-type=ATG, RBS-motif=AGGA
15:31:58.235 - INFO - CDS - contig=contig_1, start=40447, stop=41040, strand=-, frame=1, truncated=no, start-type=ATG, RBS-motif=None
15:31:58.235 - INFO - CDS - contig=contig_1, start=41568, stop=42509, strand=+, frame=3, truncated=no, start-type=ATG, RBS-motif=None
15:31:58.235 - INFO - CDS - contig=contig_1, start=42543, stop=43259, strand=-, frame=2, truncated=no, start-type=ATG, RBS-motif=None
15:31:58.235 - INFO - CDS - contig=contig_1, start=43318, stop=44331, strand=-, frame=1, truncated=no, start-type=ATG, RBS-motif=None
15:31:58.235 - INFO - CDS - contig=contig_1, start=44363, stop=45268, strand=+, frame=2, truncated=no, start-type=ATG, RBS-motif=None
15:31:58.235 - INFO - CDS - contig=contig_1, start=45445, stop=45735, strand=+, frame=1, truncated=no, start-type=ATG, RBS-motif=None
15:31:58.235 - INFO - CDS - contig=contig_1, start=46387, stop=47061, strand=+, frame=1, truncated=no, start-type=ATG, RBS-motif=AGGA
15:31:58.235 - INFO - CDS - contig=contig_1, start=47468, stop=47758, strand=-, frame=3, truncated=no, start-type=ATG, RBS-motif=None
15:31:58.235 - INFO - CDS - contig=contig_1, start=47727, stop=47897, strand=-, frame=2, truncated=no, start-type=ATG, RBS-motif=None
15:31:58.235 - INFO - CDS - contig=contig_1, start=47875, stop=48108, strand=-, frame=1, truncated=no, start-type=GTG, RBS-motif=None
15:31:58.236 - INFO - CDS - contig cds: predicted=56
15:31:58.237 - INFO - CDS - predicted=56
15:31:58.363 - INFO - ORF - discarded=0
15:31:58.407 - INFO - UPS - looked-up=42
15:31:58.431 - INFO - IPS - looked-up=42
15:40:41.728 - INFO - PSC - found=7
15:40:41.779 - INFO - PSC - looked-up=47
15:40:45.956 - INFO - EXPERT-AMRFINDER - found=13
15:40:46.263 - INFO - EXPERT_AA_SEQ - found=15
15:40:49.769 - INFO - CDS - predicted-pfams=0, CDS-w/-pfams=0
15:40:49.816 - INFO - S_ORF - predicted=617
15:40:50.518 - INFO - S_ORF - sORF filter: # valid=201, # discarded=416
15:40:50.668 - INFO - ORF - discarded=0
15:40:50.833 - INFO - UPS - looked-up=5
15:40:50.838 - INFO - IPS - looked-up=5
15:40:51.034 - INFO - S_ORF - homology: contig=contig_1, start=46065, stop=46130, strand=-, aa-length=21, query-cov=1.000, identity=1.000, UniRef90=A0A5E8FQY4
15:40:51.034 - INFO - S_ORF - homology: contig=contig_1, start=46065, stop=46130, strand=-, aa-length=21, query-cov=1.000, identity=1.000, UniRef90=A0A5E8FQY4
15:40:51.034 - INFO - S_ORF - found=1
15:40:51.040 - INFO - PSC - looked-up=6
15:40:53.669 - INFO - ORI - predicted=0
15:40:54.484 - INFO - ORI - predicted=0
15:40:54.485 - INFO - MAIN - selected features=61
15:40:54.485 - INFO - UTILS - generated locus-tag: prefix=CPFALG, MD5=C9FA50BC4D63BA42932F93CC2AD5BEBC
15:40:54.485 - INFO - MAIN - locus tag prefix=CPFALG
15:40:54.485 - INFO - UTILS - genome-size=48792
15:40:54.486 - INFO - UTILS - GC=0.517
15:40:54.486 - INFO - UTILS - N=0.000
15:40:54.486 - INFO - UTILS - N50=48792
15:40:54.486 - INFO - UTILS - coding-ratio=0.782
15:40:54.487 - INFO - JSON - write JSON: path=/Users/casperjamin/github.nosync/transposon_madness/bakta_annotations/EC12.fasta/EC12.json
15:40:54.493 - INFO - TSV - write tsv: path=/Users/casperjamin/github.nosync/transposon_madness/bakta_annotations/EC12.fasta/EC12.tsv
15:40:54.494 - INFO - GFF - write GFF3: path=/Users/casperjamin/github.nosync/transposon_madness/bakta_annotations/EC12.fasta/EC12.gff3
15:40:54.496 - INFO - INSDC - write GenBank: path=/Users/casperjamin/github.nosync/transposon_madness/bakta_annotations/EC12.fasta/EC12.gbff
15:40:54.504 - INFO - INSDC - write EMBL: path=/Users/casperjamin/github.nosync/transposon_madness/bakta_annotations/EC12.fasta/EC12.embl
15:40:54.513 - INFO - FASTA - write genome sequences: path=/Users/casperjamin/github.nosync/transposon_madness/bakta_annotations/EC12.fasta/EC12.fna, description=True, wrap=True
15:40:54.514 - INFO - FASTA - write translated CDS/sORF: path=/Users/casperjamin/github.nosync/transposon_madness/bakta_annotations/EC12.fasta/EC12.faa
15:40:54.514 - INFO - TSV - write hypothetical tsv: path=/Users/casperjamin/github.nosync/transposon_madness/bakta_annotations/EC12.fasta/EC12.hypotheticals.tsv
15:40:54.514 - INFO - FASTA - write translated CDS/sORF: path=/Users/casperjamin/github.nosync/transposon_madness/bakta_annotations/EC12.fasta/EC12.hypotheticals.faa
15:40:54.518 - INFO - MAIN - removed tmp dir: /var/folders/9s/15s2g7v52755bjhtjvszthf40000gn/T/tmp8knnffnb
